\BOOKMARK [1][-]{section.1}{Introdu\347\343o}{}% 1
\BOOKMARK [2][-]{subsection.1.1}{Contextualiza\347\343o}{section.1}% 2
\BOOKMARK [2][-]{subsection.1.2}{Problema}{section.1}% 3
\BOOKMARK [2][-]{subsection.1.3}{Objetivos}{section.1}% 4
\BOOKMARK [2][-]{subsection.1.4}{Justificativa}{section.1}% 5
\BOOKMARK [1][-]{section.2}{Fundamenta\347\343o\040Te\363rica}{}% 6
\BOOKMARK [2][-]{subsection.2.1}{Conceitos\040Fundamentais\040de\040Din\342mica\040e\040Vibra\347\365es\040Mec\342nicas}{section.2}% 7
\BOOKMARK [3][-]{subsubsection.2.1.1}{Sistema\040massa-mola-amortecedor\040de\0401\040GDL}{subsection.2.1}% 8
\BOOKMARK [3][-]{subsubsection.2.1.2}{Vibra\347\343o\040for\347ada\040e\040resson\342ncia}{subsection.2.1}% 9
\BOOKMARK [3][-]{subsubsection.2.1.3}{Sistemas\040de\040m\372ltiplos\040graus\040de\040liberdade\040e\040an\341lise\040modal}{subsection.2.1}% 10
\BOOKMARK [3][-]{subsubsection.2.1.4}{Structural\040Health\040Monitoring\040\(SHM\)\040e\040assinatura\040vibracional}{subsection.2.1}% 11
\BOOKMARK [2][-]{subsection.2.2}{Instrumenta\347\343o\040Tradicional\040por\040Contato:\040Aceler\364metros}{section.2}% 12
\BOOKMARK [3][-]{subsubsection.2.2.1}{Tecnologias\040de\040transdu\347\343o}{subsection.2.2}% 13
\BOOKMARK [3][-]{subsubsection.2.2.2}{Efeito\040de\040mass\040loading\040e\040demais\040limita\347\365es\040pr\341ticas}{subsection.2.2}% 14
\BOOKMARK [2][-]{subsection.2.3}{Vibrometria\040\323ptica\040Sem\040Contato:\040Laser\040Doppler\040Vibrometry\040\(LDV\)}{section.2}% 15
\BOOKMARK [3][-]{subsubsection.2.3.1}{Interfer\364metro\040heterodino\040e\040a\040c\351lula\040de\040Bragg}{subsection.2.3}% 16
\BOOKMARK [3][-]{subsubsection.2.3.2}{Vantagens\040e\040limita\347\365es}{subsection.2.3}% 17
\BOOKMARK [2][-]{subsection.2.4}{Vibrometria\040por\040Imagem\040e\040Processamento\040Digital\040de\040Sinais}{section.2}% 18
\BOOKMARK [3][-]{subsubsection.2.4.1}{Aquisi\347\343o\040de\040v\355deo\040e\040amostragem\040temporal}{subsection.2.4}% 19
\BOOKMARK [3][-]{subsubsection.2.4.2}{Rastreamento\040por\040correspond\352ncia\040de\040padr\365es\040\(template\040matching\040/\040DIC\)}{subsection.2.4}% 20
\BOOKMARK [3][-]{subsubsection.2.4.3}{An\341lise\040espectral\040dos\040sinais\040de\040deslocamento}{subsection.2.4}% 21
\BOOKMARK [3][-]{subsubsection.2.4.4}{Desafios\040pr\341ticos\040e\040fontes\040de\040erro}{subsection.2.4}% 22
\BOOKMARK [1][-]{section.3}{Materiais\040e\040M\351todos}{}% 23
\BOOKMARK [2][-]{subsection.3.1}{Equipamentos\040Utilizados}{section.3}% 24
\BOOKMARK [2][-]{subsection.3.2}{Modelagem\040e\040Simula\347\343o}{section.3}% 25
\BOOKMARK [2][-]{subsection.3.3}{Procedimentos\040de\040ensaios}{section.3}% 26
\BOOKMARK [1][-]{section.4}{Resultados\040e\040Discuss\343o}{}% 27
\BOOKMARK [1][-]{section.5}{Considera\347\365es\040finais}{}% 28
